[debug] [2020-01-31T12:45:43.686Z] ----------------------------------------------------------------------
[debug] [2020-01-31T12:45:43.692Z] Command:       C:\Program Files\nodejs\node.exe C:\Users\lenovo\AppData\Roaming\npm\node_modules\firebase-tools\lib\bin\firebase.js serve
[debug] [2020-01-31T12:45:43.693Z] CLI Version:   7.12.1
[debug] [2020-01-31T12:45:43.693Z] Platform:      win32
[debug] [2020-01-31T12:45:43.693Z] Node Version:  v10.16.3
[debug] [2020-01-31T12:45:43.696Z] Time:          Fri Jan 31 2020 09:45:43 GMT-0300 (GMT-03:00)
[debug] [2020-01-31T12:45:43.697Z] ----------------------------------------------------------------------
[debug] [2020-01-31T12:45:43.697Z] 
[debug] [2020-01-31T12:45:43.725Z] > command requires scopes: ["email","openid","https://www.googleapis.com/auth/cloudplatformprojects.readonly","https://www.googleapis.com/auth/firebase","https://www.googleapis.com/auth/cloud-platform"]
[debug] [2020-01-31T12:45:43.726Z] > authorizing via signed-in user
[debug] [2020-01-31T12:45:43.727Z] [iam] checking project red-social-c9212 for permissions ["firebase.projects.get"]
[debug] [2020-01-31T12:45:43.733Z] > refreshing access token with scopes: ["email","https://www.googleapis.com/auth/cloud-platform","https://www.googleapis.com/auth/cloudplatformprojects.readonly","https://www.googleapis.com/auth/firebase","openid"]
[debug] [2020-01-31T12:45:43.733Z] >>> HTTP REQUEST POST https://www.googleapis.com/oauth2/v3/token  
 <request body omitted>
[debug] [2020-01-31T12:45:43.988Z] <<< HTTP RESPONSE 200
[debug] [2020-01-31T12:45:44.112Z] >>> HTTP REQUEST POST https://cloudresourcemanager.googleapis.com/v1/projects/red-social-c9212:testIamPermissions  

[debug] [2020-01-31T12:45:45.349Z] <<< HTTP RESPONSE 200
[debug] [2020-01-31T12:45:45.353Z] >>> HTTP REQUEST GET https://firebase.googleapis.com/v1beta1/projects/red-social-c9212  
 
[debug] [2020-01-31T12:45:46.466Z] <<< HTTP RESPONSE 200
[info] 
[info] === Serving from 'C:\Users\lenovo\Desktop\red\SCL012-Social-Network'...
[info] 
[debug] [2020-01-31T12:45:46.475Z] >>> HTTP REQUEST GET https://firebase.googleapis.com/v1beta1/projects/red-social-c9212/webApps/-/config  
 
[debug] [2020-01-31T12:45:47.768Z] <<< HTTP RESPONSE 200
[info] i  hosting: Serving hosting files from: src
[info] +  hosting: Local server: http://localhost:5000
[debug] [2020-02-03T01:11:00.934Z] ----------------------------------------------------------------------
[debug] [2020-02-03T01:11:00.958Z] Command:       C:\Program Files\nodejs\node.exe C:\Users\lenovo\AppData\Roaming\npm\node_modules\firebase-tools\lib\bin\firebase.js serve
[debug] [2020-02-03T01:11:00.961Z] CLI Version:   7.12.1
[debug] [2020-02-03T01:11:00.961Z] Platform:      win32
[debug] [2020-02-03T01:11:00.962Z] Node Version:  v10.16.3
[debug] [2020-02-03T01:11:00.971Z] Time:          Sun Feb 02 2020 22:11:00 GMT-0300 (GMT-03:00)
[debug] [2020-02-03T01:11:00.972Z] ----------------------------------------------------------------------
[debug] [2020-02-03T01:11:00.972Z] 
[debug] [2020-02-03T01:11:01.098Z] > command requires scopes: ["email","openid","https://www.googleapis.com/auth/cloudplatformprojects.readonly","https://www.googleapis.com/auth/firebase","https://www.googleapis.com/auth/cloud-platform"]
[debug] [2020-02-03T01:11:01.099Z] > authorizing via signed-in user
[debug] [2020-02-03T01:11:01.100Z] [iam] checking project red-social-c9212 for permissions ["firebase.projects.get"]
[debug] [2020-02-03T01:11:01.106Z] > refreshing access token with scopes: ["email","https://www.googleapis.com/auth/cloud-platform","https://www.googleapis.com/auth/cloudplatformprojects.readonly","https://www.googleapis.com/auth/firebase","openid"]
[debug] [2020-02-03T01:11:01.107Z] >>> HTTP REQUEST POST https://www.googleapis.com/oauth2/v3/token  
 <request body omitted>
[debug] [2020-02-03T01:11:01.493Z] <<< HTTP RESPONSE 200
[debug] [2020-02-03T01:11:02.257Z] >>> HTTP REQUEST POST https://cloudresourcemanager.googleapis.com/v1/projects/red-social-c9212:testIamPermissions  

[debug] [2020-02-03T01:11:03.559Z] <<< HTTP RESPONSE 200
[debug] [2020-02-03T01:11:03.572Z] >>> HTTP REQUEST GET https://firebase.googleapis.com/v1beta1/projects/red-social-c9212  
 
[debug] [2020-02-03T01:11:04.230Z] <<< HTTP RESPONSE 200
[info] 
[info] === Serving from 'C:\Users\lenovo\Desktop\red\SCL012-Social-Network'...
[info] 
[debug] [2020-02-03T01:11:04.249Z] >>> HTTP REQUEST GET https://firebase.googleapis.com/v1beta1/projects/red-social-c9212/webApps/-/config  
 
[debug] [2020-02-03T01:11:05.596Z] <<< HTTP RESPONSE 200
[info] i  hosting: Serving hosting files from: src
[info] +  hosting: Local server: http://localhost:5000
